<?xml version="1.0" encoding="UTF-8"?>
<testng-results ignored="0" total="1" passed="1" failed="0" skipped="0">
  <reporter-output>
  </reporter-output>
  <suite started-at="2022-09-14T15:33:58 IST" name="Default suite" finished-at="2022-09-14T15:34:28 IST" duration-ms="29943">
    <groups>
    </groups>
    <test started-at="2022-09-14T15:33:58 IST" name="Default test" finished-at="2022-09-14T15:34:28 IST" duration-ms="29943">
      <class name="FacebookAutomation.locators">
        <test-method signature="locator()[pri:0, instance:FacebookAutomation.locators@581ac8a8]" started-at="2022-09-14T15:33:58 IST" name="locator" finished-at="2022-09-14T15:34:28 IST" duration-ms="29883" status="PASS">
          <reporter-output>
          </reporter-output>
        </test-method> <!-- locator -->
      </class> <!-- FacebookAutomation.locators -->
    </test> <!-- Default test -->
  </suite> <!-- Default suite -->
</testng-results>
